<?xml version="1.0" encoding="UTF-8"?>
<!-- Generated by org.testng.reporters.JUnitReportReporter -->
<testsuite hostname="ORL-5097489-W1" name="HeadlessBrowserTesting.VerifyTitle" tests="1" failures="0" timestamp="2 Nov 2017 15:16:58 GMT" time="2.447" errors="0">
  <testcase name="verifyFacebookTitle" time="2.447" classname="HeadlessBrowserTesting.VerifyTitle"/>
</testsuite> <!-- HeadlessBrowserTesting.VerifyTitle -->
